<?xml version="1.0" encoding="UTF-8"?>
<!-- Generated by org.testng.reporters.JUnitXMLReporter -->
<testsuite hostname="DESKTOP-L8PP70A" name="Test" tests="11" failures="0" timestamp="10 Sep 2019 08:34:20 GMT" time="153.314" errors="0">
  <testcase name="verfyTasks" time="5.177" classname="com.hdfc_insurance_project.script.VerfyTasks"/>
  <testcase name="verfyValidLoginPageE" time="1.384" classname="com.hdfc_insurance_project.script.VerfyValidLoginPageE"/>
  <testcase name="verfyVersion" time="0.153" classname="com.hdfc_insurance_project.script.VerfyVersion"/>
  <testcase name="verfyInvalidLoginPage" time="1.404" classname="com.hdfc_insurance_project.script.VerfyInvalidLoginPage"/>
  <testcase name="verfyValidLoginPage" time="1.481" classname="com.hdfc_insurance_project.script.VerfyValidLoginPage"/>
  <testcase name="verfyHomePageTitle" time="2.354" classname="com.hdfc_insurance_project.script.VerfyhomePageTitle"/>
  <testcase name="verfyVersionE" time="0.306" classname="com.hdfc_insurance_project.script.VerfyVersionE"/>
  <testcase name="verfyChkBox" time="0.306" classname="com.hdfc_insurance_project.script.VerfyChkBox"/>
  <testcase name="verfyInvalidLoginPageE" time="8.245" classname="com.hdfc_insurance_project.script.VerfyInvalidLoginPageE"/>
  <testcase name="verfyLoginPagetitle" time="0.027" classname="com.hdfc_insurance_project.script.VerfyLoginPageTitle"/>
  <testcase name="verfyHomePage" time="3.435" classname="com.hdfc_insurance_project.script.VerfyHomePage"/>
</testsuite> <!-- Test -->
